<?xml version="1.0" encoding="UTF-8"?>
<!-- Generated by org.testng.reporters.JUnitReportReporter -->
<testsuite hostname="DESKTOP-4735GJD" failures="0" tests="5" name="FirstTest" time="31.247" errors="0" timestamp="02 Feb 2025 11:09:05 GMT" skipped="0">
  <testcase classname="FirstTest" name="googleSearchTest" time="12.433"/>
  <testcase classname="FirstTest" name="ClickHCLPageTest" time="5.320"/>
  <testcase classname="FirstTest" name="GameBaseTest" time="2.942"/>
  <testcase classname="FirstTest" name="ShopTest" time="3.600"/>
  <testcase classname="FirstTest" name="LoginTest" time="6.952"/>
</testsuite> <!-- FirstTest -->
